TN:
SF:utils/physics.ts
FN:14,calcFinalVelocity
FN:23,calcAcceleration
FN:32,calcWeight
FN:40,calcNetForce
FN:48,calcDragForce
FN:57,calcGForceNoBounce
FN:67,calcGForceBounce
FN:77,calcReboundVelocity
FN:84,getGForceRisk
FN:102,calcFanForce
FN:114,getDecibelRisk
FN:124,amplitudeToDb
FN:132,calcAverageDb
FN:134,(anonymous_13)
FN:145,degreesToRadians
FN:152,formatPhysicsValue
FNF:16
FNH:15
FNDA:3,calcFinalVelocity
FNDA:2,calcAcceleration
FNDA:2,calcWeight
FNDA:1,calcNetForce
FNDA:2,calcDragForce
FNDA:2,calcGForceNoBounce
FNDA:2,calcGForceBounce
FNDA:1,calcReboundVelocity
FNDA:6,getGForceRisk
FNDA:3,calcFanForce
FNDA:8,getDecibelRisk
FNDA:1,amplitudeToDb
FNDA:2,calcAverageDb
FNDA:5,(anonymous_13)
FNDA:3,degreesToRadians
FNDA:0,formatPhysicsValue
DA:14,1
DA:15,3
DA:16,1
DA:23,1
DA:24,2
DA:25,1
DA:32,1
DA:33,2
DA:40,1
DA:41,1
DA:48,1
DA:49,2
DA:57,1
DA:58,2
DA:59,1
DA:67,1
DA:68,2
DA:69,2
DA:70,2
DA:77,1
DA:78,1
DA:84,1
DA:85,6
DA:86,4
DA:87,3
DA:88,2
DA:89,1
DA:102,1
DA:103,3
DA:104,3
DA:114,1
DA:115,8
DA:116,6
DA:117,4
DA:118,2
DA:124,1
DA:125,1
DA:126,1
DA:132,1
DA:133,2
DA:134,5
DA:135,1
DA:145,1
DA:146,3
DA:152,1
DA:153,0
LF:46
LH:45
BRDA:15,0,0,2
BRDA:15,1,0,3
BRDA:15,1,1,2
BRDA:24,2,0,1
BRDA:58,3,0,1
BRDA:58,4,0,2
BRDA:58,4,1,1
BRDA:68,5,0,0
BRDA:68,6,0,2
BRDA:68,6,1,2
BRDA:85,7,0,2
BRDA:86,8,0,1
BRDA:87,9,0,1
BRDA:88,10,0,1
BRDA:115,11,0,2
BRDA:116,12,0,2
BRDA:117,13,0,2
BRDA:125,14,0,0
BRDA:133,15,0,1
BRDA:152,16,0,0
BRF:20
BRH:17
end_of_record
