TN:
SF:components/card.tsx
FN:11,Card
FN:24,(anonymous_1)
FNF:2
FNH:2
FNDA:2,Card
FNDA:2,(anonymous_1)
DA:12,2
DA:13,2
DA:14,2
DA:24,1
DA:25,2
DA:46,2
LF:6
LH:6
BRDA:16,0,0,1
BRDA:16,0,1,1
BRF:2
BRH:2
end_of_record
TN:
SF:utils/breathing.ts
FN:9,calcBreathsPerMinute
FN:11,(anonymous_1)
FN:19,calcBreathingDepth
FN:21,(anonymous_3)
FN:27,classifyBreathingRate
FN:37,calcRecoveryRate
FN:44,rateRecovery
FNF:7
FNH:7
FNDA:2,calcBreathsPerMinute
FNDA:10,(anonymous_1)
FNDA:2,calcBreathingDepth
FNDA:3,(anonymous_3)
FNDA:3,classifyBreathingRate
FNDA:1,calcRecoveryRate
FNDA:2,rateRecovery
DA:10,2
DA:11,10
DA:12,1
DA:13,1
DA:20,2
DA:21,3
DA:28,3
DA:29,2
DA:30,1
DA:31,1
DA:38,1
DA:45,2
DA:46,1
DA:47,1
LF:14
LH:14
BRDA:10,0,0,1
BRDA:10,0,1,1
BRDA:12,1,0,0
BRDA:12,1,1,1
BRDA:20,2,0,1
BRDA:20,2,1,1
BRDA:28,3,0,1
BRDA:28,3,1,2
BRDA:29,4,0,1
BRDA:29,4,1,1
BRDA:30,5,0,0
BRDA:30,5,1,1
BRDA:45,6,0,1
BRDA:45,6,1,1
BRDA:46,7,0,0
BRDA:46,7,1,1
BRF:16
BRH:13
end_of_record
TN:
SF:utils/humanPerformance.ts
FN:8,calcAvgVibration
FN:10,(anonymous_1)
FN:17,calcSmoothnessScore
FN:20,(anonymous_3)
FN:27,rateCoordination
FNF:5
FNH:5
FNDA:4,calcAvgVibration
FNDA:11,(anonymous_1)
FNDA:2,calcSmoothnessScore
FNDA:5,(anonymous_3)
FNDA:2,rateCoordination
DA:9,4
DA:10,11
DA:18,2
DA:19,1
DA:20,5
DA:21,1
DA:28,2
DA:29,1
DA:30,1
DA:31,1
LF:10
LH:10
BRDA:9,0,0,1
BRDA:9,0,1,3
BRDA:18,1,0,1
BRDA:18,1,1,1
BRDA:28,2,0,1
BRDA:28,2,1,1
BRDA:29,3,0,0
BRDA:29,3,1,1
BRDA:30,4,0,0
BRDA:30,4,1,1
BRF:10
BRH:8
end_of_record
TN:
SF:utils/physics.ts
FN:14,calcFinalVelocity
FN:23,calcAcceleration
FN:32,calcWeight
FN:40,calcNetForce
FN:48,calcDragForce
FN:57,calcGForceNoBounce
FN:67,calcGForceBounce
FN:77,calcReboundVelocity
FN:84,getGForceRisk
FN:102,calcFanForce
FN:114,getDecibelRisk
FN:124,amplitudeToDb
FN:132,calcAverageDb
FN:134,(anonymous_13)
FN:145,degreesToRadians
FN:152,formatPhysicsValue
FN:163,calcMeanReactionTime
FN:165,(anonymous_17)
FN:172,calcReactionImprovement
FN:180,rateReactionTime
FNF:20
FNH:19
FNDA:3,calcFinalVelocity
FNDA:2,calcAcceleration
FNDA:2,calcWeight
FNDA:1,calcNetForce
FNDA:2,calcDragForce
FNDA:2,calcGForceNoBounce
FNDA:2,calcGForceBounce
FNDA:1,calcReboundVelocity
FNDA:6,getGForceRisk
FNDA:3,calcFanForce
FNDA:8,getDecibelRisk
FNDA:1,amplitudeToDb
FNDA:2,calcAverageDb
FNDA:5,(anonymous_13)
FNDA:3,degreesToRadians
FNDA:0,formatPhysicsValue
FNDA:2,calcMeanReactionTime
FNDA:3,(anonymous_17)
FNDA:2,calcReactionImprovement
FNDA:2,rateReactionTime
DA:15,3
DA:16,1
DA:24,2
DA:25,1
DA:33,2
DA:41,1
DA:49,2
DA:58,2
DA:59,1
DA:68,2
DA:69,2
DA:70,2
DA:78,1
DA:85,6
DA:86,4
DA:87,3
DA:88,2
DA:89,1
DA:103,3
DA:104,3
DA:115,8
DA:116,6
DA:117,4
DA:118,2
DA:125,1
DA:126,1
DA:133,2
DA:134,5
DA:135,1
DA:146,3
DA:153,0
DA:164,2
DA:165,3
DA:173,2
DA:174,1
DA:181,2
DA:182,1
DA:183,1
DA:184,1
DA:185,1
LF:40
LH:39
BRDA:15,0,0,2
BRDA:15,0,1,1
BRDA:15,1,0,3
BRDA:15,1,1,2
BRDA:24,2,0,1
BRDA:24,2,1,1
BRDA:58,3,0,1
BRDA:58,3,1,1
BRDA:58,4,0,2
BRDA:58,4,1,1
BRDA:68,5,0,0
BRDA:68,5,1,2
BRDA:68,6,0,2
BRDA:68,6,1,2
BRDA:85,7,0,2
BRDA:85,7,1,4
BRDA:86,8,0,1
BRDA:86,8,1,3
BRDA:87,9,0,1
BRDA:87,9,1,2
BRDA:88,10,0,1
BRDA:88,10,1,1
BRDA:115,11,0,2
BRDA:115,11,1,6
BRDA:116,12,0,2
BRDA:116,12,1,4
BRDA:117,13,0,2
BRDA:117,13,1,2
BRDA:125,14,0,0
BRDA:125,14,1,1
BRDA:133,15,0,1
BRDA:133,15,1,1
BRDA:152,16,0,0
BRDA:164,17,0,1
BRDA:164,17,1,1
BRDA:173,18,0,1
BRDA:173,18,1,1
BRDA:181,19,0,1
BRDA:181,19,1,1
BRDA:182,20,0,0
BRDA:182,20,1,1
BRDA:183,21,0,0
BRDA:183,21,1,1
BRDA:184,22,0,0
BRDA:184,22,1,1
BRF:45
BRH:39
end_of_record
